ARM GAS  C:\Users\Simio\AppData\Local\Temp\ccV50e1N.s 			page 1


   1              		.cpu cortex-m4
   2              		.arch armv7e-m
   3              		.fpu fpv4-sp-d16
   4              		.eabi_attribute 27, 1
   5              		.eabi_attribute 28, 1
   6              		.eabi_attribute 20, 1
   7              		.eabi_attribute 21, 1
   8              		.eabi_attribute 23, 3
   9              		.eabi_attribute 24, 1
  10              		.eabi_attribute 25, 1
  11              		.eabi_attribute 26, 1
  12              		.eabi_attribute 30, 1
  13              		.eabi_attribute 34, 1
  14              		.eabi_attribute 18, 4
  15              		.file	"global_var.c"
  16              		.text
  17              	.Ltext0:
  18              		.cfi_sections	.debug_frame
  19              		.global	Motor
  20              		.section	.bss.Motor,"aw",%nobits
  21              		.align	2
  24              	Motor:
  25 0000 00000000 		.space	44
  25      00000000 
  25      00000000 
  25      00000000 
  25      00000000 
  26              		.text
  27              	.Letext0:
  28              		.file 1 "c:\\program files (x86)\\gnu arm embedded toolchain\\10 2021.10\\arm-none-eabi\\include\\
  29              		.file 2 "c:\\program files (x86)\\gnu arm embedded toolchain\\10 2021.10\\arm-none-eabi\\include\\
  30              		.file 3 "Core/Inc/global_var.h"
  31              		.file 4 "Core/Src/global_var.c"
ARM GAS  C:\Users\Simio\AppData\Local\Temp\ccV50e1N.s 			page 2


DEFINED SYMBOLS
                            *ABS*:00000000 global_var.c
C:\Users\Simio\AppData\Local\Temp\ccV50e1N.s:24     .bss.Motor:00000000 Motor
C:\Users\Simio\AppData\Local\Temp\ccV50e1N.s:21     .bss.Motor:00000000 $d

NO UNDEFINED SYMBOLS
