ARM GAS  C:\Users\Simio\AppData\Local\Temp\ccnSgvKg.s 			page 1


   1              		.cpu cortex-m4
   2              		.arch armv7e-m
   3              		.fpu fpv4-sp-d16
   4              		.eabi_attribute 27, 1
   5              		.eabi_attribute 28, 1
   6              		.eabi_attribute 20, 1
   7              		.eabi_attribute 21, 1
   8              		.eabi_attribute 23, 3
   9              		.eabi_attribute 24, 1
  10              		.eabi_attribute 25, 1
  11              		.eabi_attribute 26, 1
  12              		.eabi_attribute 30, 1
  13              		.eabi_attribute 34, 1
  14              		.eabi_attribute 18, 4
  15              		.file	"i2c.c"
  16              		.text
  17              	.Ltext0:
  18              		.cfi_sections	.debug_frame
  19              		.file 1 "Core/Src/i2c.c"
  20              		.section	.text.MX_I2C1_Init,"ax",%progbits
  21              		.align	1
  22              		.global	MX_I2C1_Init
  23              		.syntax unified
  24              		.thumb
  25              		.thumb_func
  27              	MX_I2C1_Init:
  28              	.LFB123:
   1:Core/Src/i2c.c **** /* USER CODE BEGIN Header */
   2:Core/Src/i2c.c **** /**
   3:Core/Src/i2c.c ****   ******************************************************************************
   4:Core/Src/i2c.c ****   * @file    i2c.c
   5:Core/Src/i2c.c ****   * @brief   This file provides code for the configuration
   6:Core/Src/i2c.c ****   *          of the I2C instances.
   7:Core/Src/i2c.c ****   ******************************************************************************
   8:Core/Src/i2c.c ****   * @attention
   9:Core/Src/i2c.c ****   *
  10:Core/Src/i2c.c ****   * Copyright (c) 2022 STMicroelectronics.
  11:Core/Src/i2c.c ****   * All rights reserved.
  12:Core/Src/i2c.c ****   *
  13:Core/Src/i2c.c ****   * This software is licensed under terms that can be found in the LICENSE file
  14:Core/Src/i2c.c ****   * in the root directory of this software component.
  15:Core/Src/i2c.c ****   * If no LICENSE file comes with this software, it is provided AS-IS.
  16:Core/Src/i2c.c ****   *
  17:Core/Src/i2c.c ****   ******************************************************************************
  18:Core/Src/i2c.c ****   */
  19:Core/Src/i2c.c **** /* USER CODE END Header */
  20:Core/Src/i2c.c **** /* Includes ------------------------------------------------------------------*/
  21:Core/Src/i2c.c **** #include "i2c.h"
  22:Core/Src/i2c.c **** 
  23:Core/Src/i2c.c **** /* USER CODE BEGIN 0 */
  24:Core/Src/i2c.c **** 
  25:Core/Src/i2c.c **** /* USER CODE END 0 */
  26:Core/Src/i2c.c **** 
  27:Core/Src/i2c.c **** I2C_HandleTypeDef hi2c1;
  28:Core/Src/i2c.c **** 
  29:Core/Src/i2c.c **** /* I2C1 init function */
  30:Core/Src/i2c.c **** void MX_I2C1_Init(void)
ARM GAS  C:\Users\Simio\AppData\Local\Temp\ccnSgvKg.s 			page 2


  31:Core/Src/i2c.c **** {
  29              		.loc 1 31 1 view -0
  30              		.cfi_startproc
  31              		@ args = 0, pretend = 0, frame = 0
  32              		@ frame_needed = 0, uses_anonymous_args = 0
  33 0000 08B5     		push	{r3, lr}
  34              	.LCFI0:
  35              		.cfi_def_cfa_offset 8
  36              		.cfi_offset 3, -8
  37              		.cfi_offset 14, -4
  32:Core/Src/i2c.c **** 
  33:Core/Src/i2c.c ****   /* USER CODE BEGIN I2C1_Init 0 */
  34:Core/Src/i2c.c **** 
  35:Core/Src/i2c.c ****   /* USER CODE END I2C1_Init 0 */
  36:Core/Src/i2c.c **** 
  37:Core/Src/i2c.c ****   /* USER CODE BEGIN I2C1_Init 1 */
  38:Core/Src/i2c.c **** 
  39:Core/Src/i2c.c ****   /* USER CODE END I2C1_Init 1 */
  40:Core/Src/i2c.c ****   hi2c1.Instance = I2C1;
  38              		.loc 1 40 3 view .LVU1
  39              		.loc 1 40 18 is_stmt 0 view .LVU2
  40 0002 1248     		ldr	r0, .L9
  41 0004 124B     		ldr	r3, .L9+4
  42 0006 0360     		str	r3, [r0]
  41:Core/Src/i2c.c ****   hi2c1.Init.Timing = 0x10808DD3;
  43              		.loc 1 41 3 is_stmt 1 view .LVU3
  44              		.loc 1 41 21 is_stmt 0 view .LVU4
  45 0008 124B     		ldr	r3, .L9+8
  46 000a 4360     		str	r3, [r0, #4]
  42:Core/Src/i2c.c ****   hi2c1.Init.OwnAddress1 = 0;
  47              		.loc 1 42 3 is_stmt 1 view .LVU5
  48              		.loc 1 42 26 is_stmt 0 view .LVU6
  49 000c 0023     		movs	r3, #0
  50 000e 8360     		str	r3, [r0, #8]
  43:Core/Src/i2c.c ****   hi2c1.Init.AddressingMode = I2C_ADDRESSINGMODE_7BIT;
  51              		.loc 1 43 3 is_stmt 1 view .LVU7
  52              		.loc 1 43 29 is_stmt 0 view .LVU8
  53 0010 0122     		movs	r2, #1
  54 0012 C260     		str	r2, [r0, #12]
  44:Core/Src/i2c.c ****   hi2c1.Init.DualAddressMode = I2C_DUALADDRESS_DISABLE;
  55              		.loc 1 44 3 is_stmt 1 view .LVU9
  56              		.loc 1 44 30 is_stmt 0 view .LVU10
  57 0014 0361     		str	r3, [r0, #16]
  45:Core/Src/i2c.c ****   hi2c1.Init.OwnAddress2 = 0;
  58              		.loc 1 45 3 is_stmt 1 view .LVU11
  59              		.loc 1 45 26 is_stmt 0 view .LVU12
  60 0016 4361     		str	r3, [r0, #20]
  46:Core/Src/i2c.c ****   hi2c1.Init.OwnAddress2Masks = I2C_OA2_NOMASK;
  61              		.loc 1 46 3 is_stmt 1 view .LVU13
  62              		.loc 1 46 31 is_stmt 0 view .LVU14
  63 0018 8361     		str	r3, [r0, #24]
  47:Core/Src/i2c.c ****   hi2c1.Init.GeneralCallMode = I2C_GENERALCALL_DISABLE;
  64              		.loc 1 47 3 is_stmt 1 view .LVU15
  65              		.loc 1 47 30 is_stmt 0 view .LVU16
  66 001a C361     		str	r3, [r0, #28]
  48:Core/Src/i2c.c ****   hi2c1.Init.NoStretchMode = I2C_NOSTRETCH_DISABLE;
  67              		.loc 1 48 3 is_stmt 1 view .LVU17
ARM GAS  C:\Users\Simio\AppData\Local\Temp\ccnSgvKg.s 			page 3


  68              		.loc 1 48 28 is_stmt 0 view .LVU18
  69 001c 0362     		str	r3, [r0, #32]
  49:Core/Src/i2c.c ****   if (HAL_I2C_Init(&hi2c1) != HAL_OK)
  70              		.loc 1 49 3 is_stmt 1 view .LVU19
  71              		.loc 1 49 7 is_stmt 0 view .LVU20
  72 001e FFF7FEFF 		bl	HAL_I2C_Init
  73              	.LVL0:
  74              		.loc 1 49 6 discriminator 1 view .LVU21
  75 0022 50B9     		cbnz	r0, .L6
  76              	.L2:
  50:Core/Src/i2c.c ****   {
  51:Core/Src/i2c.c ****     Error_Handler();
  52:Core/Src/i2c.c ****   }
  53:Core/Src/i2c.c ****   /** Configure Analogue filter
  54:Core/Src/i2c.c ****   */
  55:Core/Src/i2c.c ****   if (HAL_I2CEx_ConfigAnalogFilter(&hi2c1, I2C_ANALOGFILTER_ENABLE) != HAL_OK)
  77              		.loc 1 55 3 is_stmt 1 view .LVU22
  78              		.loc 1 55 7 is_stmt 0 view .LVU23
  79 0024 0021     		movs	r1, #0
  80 0026 0948     		ldr	r0, .L9
  81 0028 FFF7FEFF 		bl	HAL_I2CEx_ConfigAnalogFilter
  82              	.LVL1:
  83              		.loc 1 55 6 discriminator 1 view .LVU24
  84 002c 40B9     		cbnz	r0, .L7
  85              	.L3:
  56:Core/Src/i2c.c ****   {
  57:Core/Src/i2c.c ****     Error_Handler();
  58:Core/Src/i2c.c ****   }
  59:Core/Src/i2c.c ****   /** Configure Digital filter
  60:Core/Src/i2c.c ****   */
  61:Core/Src/i2c.c ****   if (HAL_I2CEx_ConfigDigitalFilter(&hi2c1, 0) != HAL_OK)
  86              		.loc 1 61 3 is_stmt 1 view .LVU25
  87              		.loc 1 61 7 is_stmt 0 view .LVU26
  88 002e 0021     		movs	r1, #0
  89 0030 0648     		ldr	r0, .L9
  90 0032 FFF7FEFF 		bl	HAL_I2CEx_ConfigDigitalFilter
  91              	.LVL2:
  92              		.loc 1 61 6 discriminator 1 view .LVU27
  93 0036 30B9     		cbnz	r0, .L8
  94              	.L1:
  62:Core/Src/i2c.c ****   {
  63:Core/Src/i2c.c ****     Error_Handler();
  64:Core/Src/i2c.c ****   }
  65:Core/Src/i2c.c ****   /* USER CODE BEGIN I2C1_Init 2 */
  66:Core/Src/i2c.c **** 
  67:Core/Src/i2c.c ****   /* USER CODE END I2C1_Init 2 */
  68:Core/Src/i2c.c **** 
  69:Core/Src/i2c.c **** }
  95              		.loc 1 69 1 view .LVU28
  96 0038 08BD     		pop	{r3, pc}
  97              	.L6:
  51:Core/Src/i2c.c ****   }
  98              		.loc 1 51 5 is_stmt 1 view .LVU29
  99 003a FFF7FEFF 		bl	Error_Handler
 100              	.LVL3:
 101 003e F1E7     		b	.L2
 102              	.L7:
ARM GAS  C:\Users\Simio\AppData\Local\Temp\ccnSgvKg.s 			page 4


  57:Core/Src/i2c.c ****   }
 103              		.loc 1 57 5 view .LVU30
 104 0040 FFF7FEFF 		bl	Error_Handler
 105              	.LVL4:
 106 0044 F3E7     		b	.L3
 107              	.L8:
  63:Core/Src/i2c.c ****   }
 108              		.loc 1 63 5 view .LVU31
 109 0046 FFF7FEFF 		bl	Error_Handler
 110              	.LVL5:
 111              		.loc 1 69 1 is_stmt 0 view .LVU32
 112 004a F5E7     		b	.L1
 113              	.L10:
 114              		.align	2
 115              	.L9:
 116 004c 00000000 		.word	hi2c1
 117 0050 00540040 		.word	1073763328
 118 0054 D38D8010 		.word	276860371
 119              		.cfi_endproc
 120              	.LFE123:
 122              		.section	.text.HAL_I2C_MspInit,"ax",%progbits
 123              		.align	1
 124              		.global	HAL_I2C_MspInit
 125              		.syntax unified
 126              		.thumb
 127              		.thumb_func
 129              	HAL_I2C_MspInit:
 130              	.LVL6:
 131              	.LFB124:
  70:Core/Src/i2c.c **** 
  71:Core/Src/i2c.c **** void HAL_I2C_MspInit(I2C_HandleTypeDef* i2cHandle)
  72:Core/Src/i2c.c **** {
 132              		.loc 1 72 1 is_stmt 1 view -0
 133              		.cfi_startproc
 134              		@ args = 0, pretend = 0, frame = 32
 135              		@ frame_needed = 0, uses_anonymous_args = 0
 136              		.loc 1 72 1 is_stmt 0 view .LVU34
 137 0000 10B5     		push	{r4, lr}
 138              	.LCFI1:
 139              		.cfi_def_cfa_offset 8
 140              		.cfi_offset 4, -8
 141              		.cfi_offset 14, -4
 142 0002 88B0     		sub	sp, sp, #32
 143              	.LCFI2:
 144              		.cfi_def_cfa_offset 40
  73:Core/Src/i2c.c **** 
  74:Core/Src/i2c.c ****   GPIO_InitTypeDef GPIO_InitStruct = {0};
 145              		.loc 1 74 3 is_stmt 1 view .LVU35
 146              		.loc 1 74 20 is_stmt 0 view .LVU36
 147 0004 0023     		movs	r3, #0
 148 0006 0393     		str	r3, [sp, #12]
 149 0008 0493     		str	r3, [sp, #16]
 150 000a 0593     		str	r3, [sp, #20]
 151 000c 0693     		str	r3, [sp, #24]
 152 000e 0793     		str	r3, [sp, #28]
  75:Core/Src/i2c.c ****   if(i2cHandle->Instance==I2C1)
 153              		.loc 1 75 3 is_stmt 1 view .LVU37
ARM GAS  C:\Users\Simio\AppData\Local\Temp\ccnSgvKg.s 			page 5


 154              		.loc 1 75 15 is_stmt 0 view .LVU38
 155 0010 0268     		ldr	r2, [r0]
 156              		.loc 1 75 5 view .LVU39
 157 0012 134B     		ldr	r3, .L15
 158 0014 9A42     		cmp	r2, r3
 159 0016 01D0     		beq	.L14
 160              	.LVL7:
 161              	.L11:
  76:Core/Src/i2c.c ****   {
  77:Core/Src/i2c.c ****   /* USER CODE BEGIN I2C1_MspInit 0 */
  78:Core/Src/i2c.c **** 
  79:Core/Src/i2c.c ****   /* USER CODE END I2C1_MspInit 0 */
  80:Core/Src/i2c.c **** 
  81:Core/Src/i2c.c ****     __HAL_RCC_GPIOB_CLK_ENABLE();
  82:Core/Src/i2c.c ****     /**I2C1 GPIO Configuration
  83:Core/Src/i2c.c ****     PB8     ------> I2C1_SCL
  84:Core/Src/i2c.c ****     PB9     ------> I2C1_SDA
  85:Core/Src/i2c.c ****     */
  86:Core/Src/i2c.c ****     GPIO_InitStruct.Pin = GPIO_PIN_8|GPIO_PIN_9;
  87:Core/Src/i2c.c ****     GPIO_InitStruct.Mode = GPIO_MODE_AF_OD;
  88:Core/Src/i2c.c ****     GPIO_InitStruct.Pull = GPIO_NOPULL;
  89:Core/Src/i2c.c ****     GPIO_InitStruct.Speed = GPIO_SPEED_FREQ_HIGH;
  90:Core/Src/i2c.c ****     GPIO_InitStruct.Alternate = GPIO_AF4_I2C1;
  91:Core/Src/i2c.c ****     HAL_GPIO_Init(GPIOB, &GPIO_InitStruct);
  92:Core/Src/i2c.c **** 
  93:Core/Src/i2c.c ****     /* I2C1 clock enable */
  94:Core/Src/i2c.c ****     __HAL_RCC_I2C1_CLK_ENABLE();
  95:Core/Src/i2c.c ****   /* USER CODE BEGIN I2C1_MspInit 1 */
  96:Core/Src/i2c.c **** 
  97:Core/Src/i2c.c ****   /* USER CODE END I2C1_MspInit 1 */
  98:Core/Src/i2c.c ****   }
  99:Core/Src/i2c.c **** }
 162              		.loc 1 99 1 view .LVU40
 163 0018 08B0     		add	sp, sp, #32
 164              	.LCFI3:
 165              		.cfi_remember_state
 166              		.cfi_def_cfa_offset 8
 167              		@ sp needed
 168 001a 10BD     		pop	{r4, pc}
 169              	.LVL8:
 170              	.L14:
 171              	.LCFI4:
 172              		.cfi_restore_state
  81:Core/Src/i2c.c ****     /**I2C1 GPIO Configuration
 173              		.loc 1 81 5 is_stmt 1 view .LVU41
 174              	.LBB2:
  81:Core/Src/i2c.c ****     /**I2C1 GPIO Configuration
 175              		.loc 1 81 5 view .LVU42
  81:Core/Src/i2c.c ****     /**I2C1 GPIO Configuration
 176              		.loc 1 81 5 view .LVU43
 177 001c 114C     		ldr	r4, .L15+4
 178 001e 6369     		ldr	r3, [r4, #20]
 179 0020 43F48023 		orr	r3, r3, #262144
 180 0024 6361     		str	r3, [r4, #20]
  81:Core/Src/i2c.c ****     /**I2C1 GPIO Configuration
 181              		.loc 1 81 5 view .LVU44
 182 0026 6369     		ldr	r3, [r4, #20]
ARM GAS  C:\Users\Simio\AppData\Local\Temp\ccnSgvKg.s 			page 6


 183 0028 03F48023 		and	r3, r3, #262144
 184 002c 0193     		str	r3, [sp, #4]
  81:Core/Src/i2c.c ****     /**I2C1 GPIO Configuration
 185              		.loc 1 81 5 view .LVU45
 186 002e 019B     		ldr	r3, [sp, #4]
 187              	.LBE2:
  81:Core/Src/i2c.c ****     /**I2C1 GPIO Configuration
 188              		.loc 1 81 5 view .LVU46
  86:Core/Src/i2c.c ****     GPIO_InitStruct.Mode = GPIO_MODE_AF_OD;
 189              		.loc 1 86 5 view .LVU47
  86:Core/Src/i2c.c ****     GPIO_InitStruct.Mode = GPIO_MODE_AF_OD;
 190              		.loc 1 86 25 is_stmt 0 view .LVU48
 191 0030 4FF44073 		mov	r3, #768
 192 0034 0393     		str	r3, [sp, #12]
  87:Core/Src/i2c.c ****     GPIO_InitStruct.Pull = GPIO_NOPULL;
 193              		.loc 1 87 5 is_stmt 1 view .LVU49
  87:Core/Src/i2c.c ****     GPIO_InitStruct.Pull = GPIO_NOPULL;
 194              		.loc 1 87 26 is_stmt 0 view .LVU50
 195 0036 1223     		movs	r3, #18
 196 0038 0493     		str	r3, [sp, #16]
  88:Core/Src/i2c.c ****     GPIO_InitStruct.Speed = GPIO_SPEED_FREQ_HIGH;
 197              		.loc 1 88 5 is_stmt 1 view .LVU51
  89:Core/Src/i2c.c ****     GPIO_InitStruct.Alternate = GPIO_AF4_I2C1;
 198              		.loc 1 89 5 view .LVU52
  89:Core/Src/i2c.c ****     GPIO_InitStruct.Alternate = GPIO_AF4_I2C1;
 199              		.loc 1 89 27 is_stmt 0 view .LVU53
 200 003a 0323     		movs	r3, #3
 201 003c 0693     		str	r3, [sp, #24]
  90:Core/Src/i2c.c ****     HAL_GPIO_Init(GPIOB, &GPIO_InitStruct);
 202              		.loc 1 90 5 is_stmt 1 view .LVU54
  90:Core/Src/i2c.c ****     HAL_GPIO_Init(GPIOB, &GPIO_InitStruct);
 203              		.loc 1 90 31 is_stmt 0 view .LVU55
 204 003e 0423     		movs	r3, #4
 205 0040 0793     		str	r3, [sp, #28]
  91:Core/Src/i2c.c **** 
 206              		.loc 1 91 5 is_stmt 1 view .LVU56
 207 0042 03A9     		add	r1, sp, #12
 208 0044 0848     		ldr	r0, .L15+8
 209              	.LVL9:
  91:Core/Src/i2c.c **** 
 210              		.loc 1 91 5 is_stmt 0 view .LVU57
 211 0046 FFF7FEFF 		bl	HAL_GPIO_Init
 212              	.LVL10:
  94:Core/Src/i2c.c ****   /* USER CODE BEGIN I2C1_MspInit 1 */
 213              		.loc 1 94 5 is_stmt 1 view .LVU58
 214              	.LBB3:
  94:Core/Src/i2c.c ****   /* USER CODE BEGIN I2C1_MspInit 1 */
 215              		.loc 1 94 5 view .LVU59
  94:Core/Src/i2c.c ****   /* USER CODE BEGIN I2C1_MspInit 1 */
 216              		.loc 1 94 5 view .LVU60
 217 004a E369     		ldr	r3, [r4, #28]
 218 004c 43F40013 		orr	r3, r3, #2097152
 219 0050 E361     		str	r3, [r4, #28]
  94:Core/Src/i2c.c ****   /* USER CODE BEGIN I2C1_MspInit 1 */
 220              		.loc 1 94 5 view .LVU61
 221 0052 E369     		ldr	r3, [r4, #28]
 222 0054 03F40013 		and	r3, r3, #2097152
ARM GAS  C:\Users\Simio\AppData\Local\Temp\ccnSgvKg.s 			page 7


 223 0058 0293     		str	r3, [sp, #8]
  94:Core/Src/i2c.c ****   /* USER CODE BEGIN I2C1_MspInit 1 */
 224              		.loc 1 94 5 view .LVU62
 225 005a 029B     		ldr	r3, [sp, #8]
 226              	.LBE3:
  94:Core/Src/i2c.c ****   /* USER CODE BEGIN I2C1_MspInit 1 */
 227              		.loc 1 94 5 discriminator 1 view .LVU63
 228              		.loc 1 99 1 is_stmt 0 view .LVU64
 229 005c DCE7     		b	.L11
 230              	.L16:
 231 005e 00BF     		.align	2
 232              	.L15:
 233 0060 00540040 		.word	1073763328
 234 0064 00100240 		.word	1073876992
 235 0068 00040048 		.word	1207960576
 236              		.cfi_endproc
 237              	.LFE124:
 239              		.section	.text.HAL_I2C_MspDeInit,"ax",%progbits
 240              		.align	1
 241              		.global	HAL_I2C_MspDeInit
 242              		.syntax unified
 243              		.thumb
 244              		.thumb_func
 246              	HAL_I2C_MspDeInit:
 247              	.LVL11:
 248              	.LFB125:
 100:Core/Src/i2c.c **** 
 101:Core/Src/i2c.c **** void HAL_I2C_MspDeInit(I2C_HandleTypeDef* i2cHandle)
 102:Core/Src/i2c.c **** {
 249              		.loc 1 102 1 is_stmt 1 view -0
 250              		.cfi_startproc
 251              		@ args = 0, pretend = 0, frame = 0
 252              		@ frame_needed = 0, uses_anonymous_args = 0
 103:Core/Src/i2c.c **** 
 104:Core/Src/i2c.c ****   if(i2cHandle->Instance==I2C1)
 253              		.loc 1 104 3 view .LVU66
 254              		.loc 1 104 15 is_stmt 0 view .LVU67
 255 0000 0268     		ldr	r2, [r0]
 256              		.loc 1 104 5 view .LVU68
 257 0002 0B4B     		ldr	r3, .L24
 258 0004 9A42     		cmp	r2, r3
 259 0006 00D0     		beq	.L23
 260 0008 7047     		bx	lr
 261              	.L23:
 102:Core/Src/i2c.c **** 
 262              		.loc 1 102 1 view .LVU69
 263 000a 10B5     		push	{r4, lr}
 264              	.LCFI5:
 265              		.cfi_def_cfa_offset 8
 266              		.cfi_offset 4, -8
 267              		.cfi_offset 14, -4
 105:Core/Src/i2c.c ****   {
 106:Core/Src/i2c.c ****   /* USER CODE BEGIN I2C1_MspDeInit 0 */
 107:Core/Src/i2c.c **** 
 108:Core/Src/i2c.c ****   /* USER CODE END I2C1_MspDeInit 0 */
 109:Core/Src/i2c.c ****     /* Peripheral clock disable */
 110:Core/Src/i2c.c ****     __HAL_RCC_I2C1_CLK_DISABLE();
ARM GAS  C:\Users\Simio\AppData\Local\Temp\ccnSgvKg.s 			page 8


 268              		.loc 1 110 5 is_stmt 1 view .LVU70
 269 000c 094A     		ldr	r2, .L24+4
 270 000e D369     		ldr	r3, [r2, #28]
 271 0010 23F40013 		bic	r3, r3, #2097152
 272 0014 D361     		str	r3, [r2, #28]
 111:Core/Src/i2c.c **** 
 112:Core/Src/i2c.c ****     /**I2C1 GPIO Configuration
 113:Core/Src/i2c.c ****     PB8     ------> I2C1_SCL
 114:Core/Src/i2c.c ****     PB9     ------> I2C1_SDA
 115:Core/Src/i2c.c ****     */
 116:Core/Src/i2c.c ****     HAL_GPIO_DeInit(GPIOB, GPIO_PIN_8);
 273              		.loc 1 116 5 view .LVU71
 274 0016 084C     		ldr	r4, .L24+8
 275 0018 4FF48071 		mov	r1, #256
 276 001c 2046     		mov	r0, r4
 277              	.LVL12:
 278              		.loc 1 116 5 is_stmt 0 view .LVU72
 279 001e FFF7FEFF 		bl	HAL_GPIO_DeInit
 280              	.LVL13:
 117:Core/Src/i2c.c **** 
 118:Core/Src/i2c.c ****     HAL_GPIO_DeInit(GPIOB, GPIO_PIN_9);
 281              		.loc 1 118 5 is_stmt 1 view .LVU73
 282 0022 4FF40071 		mov	r1, #512
 283 0026 2046     		mov	r0, r4
 284 0028 FFF7FEFF 		bl	HAL_GPIO_DeInit
 285              	.LVL14:
 119:Core/Src/i2c.c **** 
 120:Core/Src/i2c.c ****   /* USER CODE BEGIN I2C1_MspDeInit 1 */
 121:Core/Src/i2c.c **** 
 122:Core/Src/i2c.c ****   /* USER CODE END I2C1_MspDeInit 1 */
 123:Core/Src/i2c.c ****   }
 124:Core/Src/i2c.c **** }
 286              		.loc 1 124 1 is_stmt 0 view .LVU74
 287 002c 10BD     		pop	{r4, pc}
 288              	.L25:
 289 002e 00BF     		.align	2
 290              	.L24:
 291 0030 00540040 		.word	1073763328
 292 0034 00100240 		.word	1073876992
 293 0038 00040048 		.word	1207960576
 294              		.cfi_endproc
 295              	.LFE125:
 297              		.global	hi2c1
 298              		.section	.bss.hi2c1,"aw",%nobits
 299              		.align	2
 302              	hi2c1:
 303 0000 00000000 		.space	84
 303      00000000 
 303      00000000 
 303      00000000 
 303      00000000 
 304              		.text
 305              	.Letext0:
 306              		.file 2 "C:/toolchain/arm_gnu_toolchain/arm-none-eabi/include/machine/_default_types.h"
 307              		.file 3 "C:/toolchain/arm_gnu_toolchain/arm-none-eabi/include/sys/_stdint.h"
 308              		.file 4 "Drivers/CMSIS/Device/ST/STM32F3xx/Include/stm32f302x8.h"
 309              		.file 5 "Drivers/STM32F3xx_HAL_Driver/Inc/stm32f3xx_hal_def.h"
ARM GAS  C:\Users\Simio\AppData\Local\Temp\ccnSgvKg.s 			page 9


 310              		.file 6 "Drivers/STM32F3xx_HAL_Driver/Inc/stm32f3xx_hal_gpio.h"
 311              		.file 7 "Drivers/STM32F3xx_HAL_Driver/Inc/stm32f3xx_hal_dma.h"
 312              		.file 8 "Drivers/STM32F3xx_HAL_Driver/Inc/stm32f3xx_hal_i2c.h"
 313              		.file 9 "Drivers/STM32F3xx_HAL_Driver/Inc/stm32f3xx_hal_i2c_ex.h"
 314              		.file 10 "Core/Inc/i2c.h"
 315              		.file 11 "Core/Inc/main.h"
ARM GAS  C:\Users\Simio\AppData\Local\Temp\ccnSgvKg.s 			page 10


DEFINED SYMBOLS
                            *ABS*:00000000 i2c.c
C:\Users\Simio\AppData\Local\Temp\ccnSgvKg.s:21     .text.MX_I2C1_Init:00000000 $t
C:\Users\Simio\AppData\Local\Temp\ccnSgvKg.s:27     .text.MX_I2C1_Init:00000000 MX_I2C1_Init
C:\Users\Simio\AppData\Local\Temp\ccnSgvKg.s:116    .text.MX_I2C1_Init:0000004c $d
C:\Users\Simio\AppData\Local\Temp\ccnSgvKg.s:302    .bss.hi2c1:00000000 hi2c1
C:\Users\Simio\AppData\Local\Temp\ccnSgvKg.s:123    .text.HAL_I2C_MspInit:00000000 $t
C:\Users\Simio\AppData\Local\Temp\ccnSgvKg.s:129    .text.HAL_I2C_MspInit:00000000 HAL_I2C_MspInit
C:\Users\Simio\AppData\Local\Temp\ccnSgvKg.s:233    .text.HAL_I2C_MspInit:00000060 $d
C:\Users\Simio\AppData\Local\Temp\ccnSgvKg.s:240    .text.HAL_I2C_MspDeInit:00000000 $t
C:\Users\Simio\AppData\Local\Temp\ccnSgvKg.s:246    .text.HAL_I2C_MspDeInit:00000000 HAL_I2C_MspDeInit
C:\Users\Simio\AppData\Local\Temp\ccnSgvKg.s:291    .text.HAL_I2C_MspDeInit:00000030 $d
C:\Users\Simio\AppData\Local\Temp\ccnSgvKg.s:299    .bss.hi2c1:00000000 $d

UNDEFINED SYMBOLS
HAL_I2C_Init
HAL_I2CEx_ConfigAnalogFilter
HAL_I2CEx_ConfigDigitalFilter
Error_Handler
HAL_GPIO_Init
HAL_GPIO_DeInit
