ARM GAS  C:\Users\Simio\AppData\Local\Temp\ccW3oRx0.s 			page 1


   1              		.cpu cortex-m4
   2              		.arch armv7e-m
   3              		.fpu fpv4-sp-d16
   4              		.eabi_attribute 27, 1
   5              		.eabi_attribute 28, 1
   6              		.eabi_attribute 20, 1
   7              		.eabi_attribute 21, 1
   8              		.eabi_attribute 23, 3
   9              		.eabi_attribute 24, 1
  10              		.eabi_attribute 25, 1
  11              		.eabi_attribute 26, 1
  12              		.eabi_attribute 30, 1
  13              		.eabi_attribute 34, 1
  14              		.eabi_attribute 18, 4
  15              		.file	"stm32f3xx_it.c"
  16              		.text
  17              	.Ltext0:
  18              		.cfi_sections	.debug_frame
  19              		.file 1 "Core/Src/stm32f3xx_it.c"
  20              		.section	.text.NMI_Handler,"ax",%progbits
  21              		.align	1
  22              		.global	NMI_Handler
  23              		.syntax unified
  24              		.thumb
  25              		.thumb_func
  27              	NMI_Handler:
  28              	.LFB123:
   1:Core/Src/stm32f3xx_it.c **** /* USER CODE BEGIN Header */
   2:Core/Src/stm32f3xx_it.c **** /**
   3:Core/Src/stm32f3xx_it.c ****   ******************************************************************************
   4:Core/Src/stm32f3xx_it.c ****   * @file    stm32f3xx_it.c
   5:Core/Src/stm32f3xx_it.c ****   * @brief   Interrupt Service Routines.
   6:Core/Src/stm32f3xx_it.c ****   ******************************************************************************
   7:Core/Src/stm32f3xx_it.c ****   * @attention
   8:Core/Src/stm32f3xx_it.c ****   *
   9:Core/Src/stm32f3xx_it.c ****   * Copyright (c) 2022 STMicroelectronics.
  10:Core/Src/stm32f3xx_it.c ****   * All rights reserved.
  11:Core/Src/stm32f3xx_it.c ****   *
  12:Core/Src/stm32f3xx_it.c ****   * This software is licensed under terms that can be found in the LICENSE file
  13:Core/Src/stm32f3xx_it.c ****   * in the root directory of this software component.
  14:Core/Src/stm32f3xx_it.c ****   * If no LICENSE file comes with this software, it is provided AS-IS.
  15:Core/Src/stm32f3xx_it.c ****   *
  16:Core/Src/stm32f3xx_it.c ****   ******************************************************************************
  17:Core/Src/stm32f3xx_it.c ****   */
  18:Core/Src/stm32f3xx_it.c **** /* USER CODE END Header */
  19:Core/Src/stm32f3xx_it.c **** 
  20:Core/Src/stm32f3xx_it.c **** /* Includes ------------------------------------------------------------------*/
  21:Core/Src/stm32f3xx_it.c **** #include "main.h"
  22:Core/Src/stm32f3xx_it.c **** #include "stm32f3xx_it.h"
  23:Core/Src/stm32f3xx_it.c **** /* Private includes ----------------------------------------------------------*/
  24:Core/Src/stm32f3xx_it.c **** /* USER CODE BEGIN Includes */
  25:Core/Src/stm32f3xx_it.c **** /* USER CODE END Includes */
  26:Core/Src/stm32f3xx_it.c **** 
  27:Core/Src/stm32f3xx_it.c **** /* Private typedef -----------------------------------------------------------*/
  28:Core/Src/stm32f3xx_it.c **** /* USER CODE BEGIN TD */
  29:Core/Src/stm32f3xx_it.c **** 
  30:Core/Src/stm32f3xx_it.c **** /* USER CODE END TD */
ARM GAS  C:\Users\Simio\AppData\Local\Temp\ccW3oRx0.s 			page 2


  31:Core/Src/stm32f3xx_it.c **** 
  32:Core/Src/stm32f3xx_it.c **** /* Private define ------------------------------------------------------------*/
  33:Core/Src/stm32f3xx_it.c **** /* USER CODE BEGIN PD */
  34:Core/Src/stm32f3xx_it.c **** 
  35:Core/Src/stm32f3xx_it.c **** /* USER CODE END PD */
  36:Core/Src/stm32f3xx_it.c **** 
  37:Core/Src/stm32f3xx_it.c **** /* Private macro -------------------------------------------------------------*/
  38:Core/Src/stm32f3xx_it.c **** /* USER CODE BEGIN PM */
  39:Core/Src/stm32f3xx_it.c **** 
  40:Core/Src/stm32f3xx_it.c **** /* USER CODE END PM */
  41:Core/Src/stm32f3xx_it.c **** 
  42:Core/Src/stm32f3xx_it.c **** /* Private variables ---------------------------------------------------------*/
  43:Core/Src/stm32f3xx_it.c **** /* USER CODE BEGIN PV */
  44:Core/Src/stm32f3xx_it.c **** 
  45:Core/Src/stm32f3xx_it.c **** /* USER CODE END PV */
  46:Core/Src/stm32f3xx_it.c **** 
  47:Core/Src/stm32f3xx_it.c **** /* Private function prototypes -----------------------------------------------*/
  48:Core/Src/stm32f3xx_it.c **** /* USER CODE BEGIN PFP */
  49:Core/Src/stm32f3xx_it.c **** 
  50:Core/Src/stm32f3xx_it.c **** /* USER CODE END PFP */
  51:Core/Src/stm32f3xx_it.c **** 
  52:Core/Src/stm32f3xx_it.c **** /* Private user code ---------------------------------------------------------*/
  53:Core/Src/stm32f3xx_it.c **** /* USER CODE BEGIN 0 */
  54:Core/Src/stm32f3xx_it.c **** 
  55:Core/Src/stm32f3xx_it.c **** /* USER CODE END 0 */
  56:Core/Src/stm32f3xx_it.c **** 
  57:Core/Src/stm32f3xx_it.c **** /* External variables --------------------------------------------------------*/
  58:Core/Src/stm32f3xx_it.c **** extern PCD_HandleTypeDef hpcd_USB_FS;
  59:Core/Src/stm32f3xx_it.c **** extern DMA_HandleTypeDef hdma_adc1;
  60:Core/Src/stm32f3xx_it.c **** extern ADC_HandleTypeDef hadc1;
  61:Core/Src/stm32f3xx_it.c **** extern TIM_HandleTypeDef htim1;
  62:Core/Src/stm32f3xx_it.c **** extern TIM_HandleTypeDef htim15;
  63:Core/Src/stm32f3xx_it.c **** extern DMA_HandleTypeDef hdma_usart1_tx;
  64:Core/Src/stm32f3xx_it.c **** extern UART_HandleTypeDef huart1;
  65:Core/Src/stm32f3xx_it.c **** /* USER CODE BEGIN EV */
  66:Core/Src/stm32f3xx_it.c **** 
  67:Core/Src/stm32f3xx_it.c **** /* USER CODE END EV */
  68:Core/Src/stm32f3xx_it.c **** 
  69:Core/Src/stm32f3xx_it.c **** /******************************************************************************/
  70:Core/Src/stm32f3xx_it.c **** /*           Cortex-M4 Processor Interruption and Exception Handlers          */
  71:Core/Src/stm32f3xx_it.c **** /******************************************************************************/
  72:Core/Src/stm32f3xx_it.c **** /**
  73:Core/Src/stm32f3xx_it.c ****   * @brief This function handles Non maskable interrupt.
  74:Core/Src/stm32f3xx_it.c ****   */
  75:Core/Src/stm32f3xx_it.c **** void NMI_Handler(void)
  76:Core/Src/stm32f3xx_it.c **** {
  29              		.loc 1 76 1 view -0
  30              		.cfi_startproc
  31              		@ Volatile: function does not return.
  32              		@ args = 0, pretend = 0, frame = 0
  33              		@ frame_needed = 0, uses_anonymous_args = 0
  34              		@ link register save eliminated.
  35              	.L2:
  77:Core/Src/stm32f3xx_it.c ****   /* USER CODE BEGIN NonMaskableInt_IRQn 0 */
  78:Core/Src/stm32f3xx_it.c **** 
  79:Core/Src/stm32f3xx_it.c ****   /* USER CODE END NonMaskableInt_IRQn 0 */
  80:Core/Src/stm32f3xx_it.c ****   /* USER CODE BEGIN NonMaskableInt_IRQn 1 */
ARM GAS  C:\Users\Simio\AppData\Local\Temp\ccW3oRx0.s 			page 3


  81:Core/Src/stm32f3xx_it.c ****   while (1)
  36              		.loc 1 81 3 view .LVU1
  82:Core/Src/stm32f3xx_it.c ****   {
  83:Core/Src/stm32f3xx_it.c ****   }
  37              		.loc 1 83 3 view .LVU2
  81:Core/Src/stm32f3xx_it.c ****   {
  38              		.loc 1 81 9 view .LVU3
  39 0000 FEE7     		b	.L2
  40              		.cfi_endproc
  41              	.LFE123:
  43              		.section	.text.HardFault_Handler,"ax",%progbits
  44              		.align	1
  45              		.global	HardFault_Handler
  46              		.syntax unified
  47              		.thumb
  48              		.thumb_func
  50              	HardFault_Handler:
  51              	.LFB124:
  84:Core/Src/stm32f3xx_it.c ****   /* USER CODE END NonMaskableInt_IRQn 1 */
  85:Core/Src/stm32f3xx_it.c **** }
  86:Core/Src/stm32f3xx_it.c **** 
  87:Core/Src/stm32f3xx_it.c **** /**
  88:Core/Src/stm32f3xx_it.c ****   * @brief This function handles Hard fault interrupt.
  89:Core/Src/stm32f3xx_it.c ****   */
  90:Core/Src/stm32f3xx_it.c **** void HardFault_Handler(void)
  91:Core/Src/stm32f3xx_it.c **** {
  52              		.loc 1 91 1 view -0
  53              		.cfi_startproc
  54              		@ Volatile: function does not return.
  55              		@ args = 0, pretend = 0, frame = 0
  56              		@ frame_needed = 0, uses_anonymous_args = 0
  57 0000 08B5     		push	{r3, lr}
  58              	.LCFI0:
  59              		.cfi_def_cfa_offset 8
  60              		.cfi_offset 3, -8
  61              		.cfi_offset 14, -4
  62              	.L4:
  92:Core/Src/stm32f3xx_it.c ****   /* USER CODE BEGIN HardFault_IRQn 0 */
  93:Core/Src/stm32f3xx_it.c **** 
  94:Core/Src/stm32f3xx_it.c ****   /* USER CODE END HardFault_IRQn 0 */
  95:Core/Src/stm32f3xx_it.c ****   while (1)
  63              		.loc 1 95 3 view .LVU5
  96:Core/Src/stm32f3xx_it.c ****   {
  97:Core/Src/stm32f3xx_it.c ****     /* USER CODE BEGIN W1_HardFault_IRQn 0 */
  98:Core/Src/stm32f3xx_it.c **** 	  HAL_Delay(100);
  64              		.loc 1 98 4 view .LVU6
  65 0002 6420     		movs	r0, #100
  66 0004 FFF7FEFF 		bl	HAL_Delay
  67              	.LVL0:
  99:Core/Src/stm32f3xx_it.c **** 	  HAL_GPIO_TogglePin(LED_GPIO_Port, LED_Pin);
  68              		.loc 1 99 4 discriminator 1 view .LVU7
  69 0008 2021     		movs	r1, #32
  70 000a 0248     		ldr	r0, .L6
  71 000c FFF7FEFF 		bl	HAL_GPIO_TogglePin
  72              	.LVL1:
  95:Core/Src/stm32f3xx_it.c ****   {
  73              		.loc 1 95 9 view .LVU8
ARM GAS  C:\Users\Simio\AppData\Local\Temp\ccW3oRx0.s 			page 4


  74 0010 F7E7     		b	.L4
  75              	.L7:
  76 0012 00BF     		.align	2
  77              	.L6:
  78 0014 00040048 		.word	1207960576
  79              		.cfi_endproc
  80              	.LFE124:
  82              		.section	.text.MemManage_Handler,"ax",%progbits
  83              		.align	1
  84              		.global	MemManage_Handler
  85              		.syntax unified
  86              		.thumb
  87              		.thumb_func
  89              	MemManage_Handler:
  90              	.LFB125:
 100:Core/Src/stm32f3xx_it.c **** 
 101:Core/Src/stm32f3xx_it.c ****     /* USER CODE END W1_HardFault_IRQn 0 */
 102:Core/Src/stm32f3xx_it.c ****   }
 103:Core/Src/stm32f3xx_it.c **** }
 104:Core/Src/stm32f3xx_it.c **** 
 105:Core/Src/stm32f3xx_it.c **** /**
 106:Core/Src/stm32f3xx_it.c ****   * @brief This function handles Memory management fault.
 107:Core/Src/stm32f3xx_it.c ****   */
 108:Core/Src/stm32f3xx_it.c **** void MemManage_Handler(void)
 109:Core/Src/stm32f3xx_it.c **** {
  91              		.loc 1 109 1 view -0
  92              		.cfi_startproc
  93              		@ Volatile: function does not return.
  94              		@ args = 0, pretend = 0, frame = 0
  95              		@ frame_needed = 0, uses_anonymous_args = 0
  96              		@ link register save eliminated.
  97              	.L9:
 110:Core/Src/stm32f3xx_it.c ****   /* USER CODE BEGIN MemoryManagement_IRQn 0 */
 111:Core/Src/stm32f3xx_it.c **** 
 112:Core/Src/stm32f3xx_it.c ****   /* USER CODE END MemoryManagement_IRQn 0 */
 113:Core/Src/stm32f3xx_it.c ****   while (1)
  98              		.loc 1 113 3 view .LVU10
 114:Core/Src/stm32f3xx_it.c ****   {
 115:Core/Src/stm32f3xx_it.c ****     /* USER CODE BEGIN W1_MemoryManagement_IRQn 0 */
 116:Core/Src/stm32f3xx_it.c ****     /* USER CODE END W1_MemoryManagement_IRQn 0 */
 117:Core/Src/stm32f3xx_it.c ****   }
  99              		.loc 1 117 3 view .LVU11
 113:Core/Src/stm32f3xx_it.c ****   {
 100              		.loc 1 113 9 view .LVU12
 101 0000 FEE7     		b	.L9
 102              		.cfi_endproc
 103              	.LFE125:
 105              		.section	.text.BusFault_Handler,"ax",%progbits
 106              		.align	1
 107              		.global	BusFault_Handler
 108              		.syntax unified
 109              		.thumb
 110              		.thumb_func
 112              	BusFault_Handler:
 113              	.LFB126:
 118:Core/Src/stm32f3xx_it.c **** }
 119:Core/Src/stm32f3xx_it.c **** 
ARM GAS  C:\Users\Simio\AppData\Local\Temp\ccW3oRx0.s 			page 5


 120:Core/Src/stm32f3xx_it.c **** /**
 121:Core/Src/stm32f3xx_it.c ****   * @brief This function handles Pre-fetch fault, memory access fault.
 122:Core/Src/stm32f3xx_it.c ****   */
 123:Core/Src/stm32f3xx_it.c **** void BusFault_Handler(void)
 124:Core/Src/stm32f3xx_it.c **** {
 114              		.loc 1 124 1 view -0
 115              		.cfi_startproc
 116              		@ Volatile: function does not return.
 117              		@ args = 0, pretend = 0, frame = 0
 118              		@ frame_needed = 0, uses_anonymous_args = 0
 119              		@ link register save eliminated.
 120              	.L11:
 125:Core/Src/stm32f3xx_it.c ****   /* USER CODE BEGIN BusFault_IRQn 0 */
 126:Core/Src/stm32f3xx_it.c **** 
 127:Core/Src/stm32f3xx_it.c ****   /* USER CODE END BusFault_IRQn 0 */
 128:Core/Src/stm32f3xx_it.c ****   while (1)
 121              		.loc 1 128 3 view .LVU14
 129:Core/Src/stm32f3xx_it.c ****   {
 130:Core/Src/stm32f3xx_it.c ****     /* USER CODE BEGIN W1_BusFault_IRQn 0 */
 131:Core/Src/stm32f3xx_it.c ****     /* USER CODE END W1_BusFault_IRQn 0 */
 132:Core/Src/stm32f3xx_it.c ****   }
 122              		.loc 1 132 3 view .LVU15
 128:Core/Src/stm32f3xx_it.c ****   {
 123              		.loc 1 128 9 view .LVU16
 124 0000 FEE7     		b	.L11
 125              		.cfi_endproc
 126              	.LFE126:
 128              		.section	.text.UsageFault_Handler,"ax",%progbits
 129              		.align	1
 130              		.global	UsageFault_Handler
 131              		.syntax unified
 132              		.thumb
 133              		.thumb_func
 135              	UsageFault_Handler:
 136              	.LFB127:
 133:Core/Src/stm32f3xx_it.c **** }
 134:Core/Src/stm32f3xx_it.c **** 
 135:Core/Src/stm32f3xx_it.c **** /**
 136:Core/Src/stm32f3xx_it.c ****   * @brief This function handles Undefined instruction or illegal state.
 137:Core/Src/stm32f3xx_it.c ****   */
 138:Core/Src/stm32f3xx_it.c **** void UsageFault_Handler(void)
 139:Core/Src/stm32f3xx_it.c **** {
 137              		.loc 1 139 1 view -0
 138              		.cfi_startproc
 139              		@ Volatile: function does not return.
 140              		@ args = 0, pretend = 0, frame = 0
 141              		@ frame_needed = 0, uses_anonymous_args = 0
 142              		@ link register save eliminated.
 143              	.L13:
 140:Core/Src/stm32f3xx_it.c ****   /* USER CODE BEGIN UsageFault_IRQn 0 */
 141:Core/Src/stm32f3xx_it.c **** 
 142:Core/Src/stm32f3xx_it.c ****   /* USER CODE END UsageFault_IRQn 0 */
 143:Core/Src/stm32f3xx_it.c ****   while (1)
 144              		.loc 1 143 3 view .LVU18
 144:Core/Src/stm32f3xx_it.c ****   {
 145:Core/Src/stm32f3xx_it.c ****     /* USER CODE BEGIN W1_UsageFault_IRQn 0 */
 146:Core/Src/stm32f3xx_it.c ****     /* USER CODE END W1_UsageFault_IRQn 0 */
ARM GAS  C:\Users\Simio\AppData\Local\Temp\ccW3oRx0.s 			page 6


 147:Core/Src/stm32f3xx_it.c ****   }
 145              		.loc 1 147 3 view .LVU19
 143:Core/Src/stm32f3xx_it.c ****   {
 146              		.loc 1 143 9 view .LVU20
 147 0000 FEE7     		b	.L13
 148              		.cfi_endproc
 149              	.LFE127:
 151              		.section	.text.SVC_Handler,"ax",%progbits
 152              		.align	1
 153              		.global	SVC_Handler
 154              		.syntax unified
 155              		.thumb
 156              		.thumb_func
 158              	SVC_Handler:
 159              	.LFB128:
 148:Core/Src/stm32f3xx_it.c **** }
 149:Core/Src/stm32f3xx_it.c **** 
 150:Core/Src/stm32f3xx_it.c **** /**
 151:Core/Src/stm32f3xx_it.c ****   * @brief This function handles System service call via SWI instruction.
 152:Core/Src/stm32f3xx_it.c ****   */
 153:Core/Src/stm32f3xx_it.c **** void SVC_Handler(void)
 154:Core/Src/stm32f3xx_it.c **** {
 160              		.loc 1 154 1 view -0
 161              		.cfi_startproc
 162              		@ args = 0, pretend = 0, frame = 0
 163              		@ frame_needed = 0, uses_anonymous_args = 0
 164              		@ link register save eliminated.
 155:Core/Src/stm32f3xx_it.c ****   /* USER CODE BEGIN SVCall_IRQn 0 */
 156:Core/Src/stm32f3xx_it.c **** 
 157:Core/Src/stm32f3xx_it.c ****   /* USER CODE END SVCall_IRQn 0 */
 158:Core/Src/stm32f3xx_it.c ****   /* USER CODE BEGIN SVCall_IRQn 1 */
 159:Core/Src/stm32f3xx_it.c **** 
 160:Core/Src/stm32f3xx_it.c ****   /* USER CODE END SVCall_IRQn 1 */
 161:Core/Src/stm32f3xx_it.c **** }
 165              		.loc 1 161 1 view .LVU22
 166 0000 7047     		bx	lr
 167              		.cfi_endproc
 168              	.LFE128:
 170              		.section	.text.DebugMon_Handler,"ax",%progbits
 171              		.align	1
 172              		.global	DebugMon_Handler
 173              		.syntax unified
 174              		.thumb
 175              		.thumb_func
 177              	DebugMon_Handler:
 178              	.LFB129:
 162:Core/Src/stm32f3xx_it.c **** 
 163:Core/Src/stm32f3xx_it.c **** /**
 164:Core/Src/stm32f3xx_it.c ****   * @brief This function handles Debug monitor.
 165:Core/Src/stm32f3xx_it.c ****   */
 166:Core/Src/stm32f3xx_it.c **** void DebugMon_Handler(void)
 167:Core/Src/stm32f3xx_it.c **** {
 179              		.loc 1 167 1 view -0
 180              		.cfi_startproc
 181              		@ args = 0, pretend = 0, frame = 0
 182              		@ frame_needed = 0, uses_anonymous_args = 0
 183              		@ link register save eliminated.
ARM GAS  C:\Users\Simio\AppData\Local\Temp\ccW3oRx0.s 			page 7


 168:Core/Src/stm32f3xx_it.c ****   /* USER CODE BEGIN DebugMonitor_IRQn 0 */
 169:Core/Src/stm32f3xx_it.c **** 
 170:Core/Src/stm32f3xx_it.c ****   /* USER CODE END DebugMonitor_IRQn 0 */
 171:Core/Src/stm32f3xx_it.c ****   /* USER CODE BEGIN DebugMonitor_IRQn 1 */
 172:Core/Src/stm32f3xx_it.c **** 
 173:Core/Src/stm32f3xx_it.c ****   /* USER CODE END DebugMonitor_IRQn 1 */
 174:Core/Src/stm32f3xx_it.c **** }
 184              		.loc 1 174 1 view .LVU24
 185 0000 7047     		bx	lr
 186              		.cfi_endproc
 187              	.LFE129:
 189              		.section	.text.PendSV_Handler,"ax",%progbits
 190              		.align	1
 191              		.global	PendSV_Handler
 192              		.syntax unified
 193              		.thumb
 194              		.thumb_func
 196              	PendSV_Handler:
 197              	.LFB130:
 175:Core/Src/stm32f3xx_it.c **** 
 176:Core/Src/stm32f3xx_it.c **** /**
 177:Core/Src/stm32f3xx_it.c ****   * @brief This function handles Pendable request for system service.
 178:Core/Src/stm32f3xx_it.c ****   */
 179:Core/Src/stm32f3xx_it.c **** void PendSV_Handler(void)
 180:Core/Src/stm32f3xx_it.c **** {
 198              		.loc 1 180 1 view -0
 199              		.cfi_startproc
 200              		@ args = 0, pretend = 0, frame = 0
 201              		@ frame_needed = 0, uses_anonymous_args = 0
 202              		@ link register save eliminated.
 181:Core/Src/stm32f3xx_it.c ****   /* USER CODE BEGIN PendSV_IRQn 0 */
 182:Core/Src/stm32f3xx_it.c **** 
 183:Core/Src/stm32f3xx_it.c ****   /* USER CODE END PendSV_IRQn 0 */
 184:Core/Src/stm32f3xx_it.c ****   /* USER CODE BEGIN PendSV_IRQn 1 */
 185:Core/Src/stm32f3xx_it.c **** 
 186:Core/Src/stm32f3xx_it.c ****   /* USER CODE END PendSV_IRQn 1 */
 187:Core/Src/stm32f3xx_it.c **** }
 203              		.loc 1 187 1 view .LVU26
 204 0000 7047     		bx	lr
 205              		.cfi_endproc
 206              	.LFE130:
 208              		.section	.text.SysTick_Handler,"ax",%progbits
 209              		.align	1
 210              		.global	SysTick_Handler
 211              		.syntax unified
 212              		.thumb
 213              		.thumb_func
 215              	SysTick_Handler:
 216              	.LFB131:
 188:Core/Src/stm32f3xx_it.c **** 
 189:Core/Src/stm32f3xx_it.c **** /**
 190:Core/Src/stm32f3xx_it.c ****   * @brief This function handles System tick timer.
 191:Core/Src/stm32f3xx_it.c ****   */
 192:Core/Src/stm32f3xx_it.c **** void SysTick_Handler(void)
 193:Core/Src/stm32f3xx_it.c **** {
 217              		.loc 1 193 1 view -0
 218              		.cfi_startproc
ARM GAS  C:\Users\Simio\AppData\Local\Temp\ccW3oRx0.s 			page 8


 219              		@ args = 0, pretend = 0, frame = 0
 220              		@ frame_needed = 0, uses_anonymous_args = 0
 221 0000 08B5     		push	{r3, lr}
 222              	.LCFI1:
 223              		.cfi_def_cfa_offset 8
 224              		.cfi_offset 3, -8
 225              		.cfi_offset 14, -4
 194:Core/Src/stm32f3xx_it.c ****   /* USER CODE BEGIN SysTick_IRQn 0 */
 195:Core/Src/stm32f3xx_it.c **** 
 196:Core/Src/stm32f3xx_it.c ****   /* USER CODE END SysTick_IRQn 0 */
 197:Core/Src/stm32f3xx_it.c ****   HAL_IncTick();
 226              		.loc 1 197 3 view .LVU28
 227 0002 FFF7FEFF 		bl	HAL_IncTick
 228              	.LVL2:
 198:Core/Src/stm32f3xx_it.c ****   /* USER CODE BEGIN SysTick_IRQn 1 */
 199:Core/Src/stm32f3xx_it.c **** 
 200:Core/Src/stm32f3xx_it.c ****   /* USER CODE END SysTick_IRQn 1 */
 201:Core/Src/stm32f3xx_it.c **** }
 229              		.loc 1 201 1 is_stmt 0 view .LVU29
 230 0006 08BD     		pop	{r3, pc}
 231              		.cfi_endproc
 232              	.LFE131:
 234              		.section	.text.DMA1_Channel1_IRQHandler,"ax",%progbits
 235              		.align	1
 236              		.global	DMA1_Channel1_IRQHandler
 237              		.syntax unified
 238              		.thumb
 239              		.thumb_func
 241              	DMA1_Channel1_IRQHandler:
 242              	.LFB132:
 202:Core/Src/stm32f3xx_it.c **** 
 203:Core/Src/stm32f3xx_it.c **** /******************************************************************************/
 204:Core/Src/stm32f3xx_it.c **** /* STM32F3xx Peripheral Interrupt Handlers                                    */
 205:Core/Src/stm32f3xx_it.c **** /* Add here the Interrupt Handlers for the used peripherals.                  */
 206:Core/Src/stm32f3xx_it.c **** /* For the available peripheral interrupt handler names,                      */
 207:Core/Src/stm32f3xx_it.c **** /* please refer to the startup file (startup_stm32f3xx.s).                    */
 208:Core/Src/stm32f3xx_it.c **** /******************************************************************************/
 209:Core/Src/stm32f3xx_it.c **** 
 210:Core/Src/stm32f3xx_it.c **** /**
 211:Core/Src/stm32f3xx_it.c ****   * @brief This function handles DMA1 channel1 global interrupt.
 212:Core/Src/stm32f3xx_it.c ****   */
 213:Core/Src/stm32f3xx_it.c **** void DMA1_Channel1_IRQHandler(void)
 214:Core/Src/stm32f3xx_it.c **** {
 243              		.loc 1 214 1 is_stmt 1 view -0
 244              		.cfi_startproc
 245              		@ args = 0, pretend = 0, frame = 0
 246              		@ frame_needed = 0, uses_anonymous_args = 0
 247 0000 08B5     		push	{r3, lr}
 248              	.LCFI2:
 249              		.cfi_def_cfa_offset 8
 250              		.cfi_offset 3, -8
 251              		.cfi_offset 14, -4
 215:Core/Src/stm32f3xx_it.c ****   /* USER CODE BEGIN DMA1_Channel1_IRQn 0 */
 216:Core/Src/stm32f3xx_it.c **** 
 217:Core/Src/stm32f3xx_it.c ****   /* USER CODE END DMA1_Channel1_IRQn 0 */
 218:Core/Src/stm32f3xx_it.c ****   HAL_DMA_IRQHandler(&hdma_adc1);
 252              		.loc 1 218 3 view .LVU31
ARM GAS  C:\Users\Simio\AppData\Local\Temp\ccW3oRx0.s 			page 9


 253 0002 0248     		ldr	r0, .L21
 254 0004 FFF7FEFF 		bl	HAL_DMA_IRQHandler
 255              	.LVL3:
 219:Core/Src/stm32f3xx_it.c ****   /* USER CODE BEGIN DMA1_Channel1_IRQn 1 */
 220:Core/Src/stm32f3xx_it.c **** 
 221:Core/Src/stm32f3xx_it.c ****   /* USER CODE END DMA1_Channel1_IRQn 1 */
 222:Core/Src/stm32f3xx_it.c **** }
 256              		.loc 1 222 1 is_stmt 0 view .LVU32
 257 0008 08BD     		pop	{r3, pc}
 258              	.L22:
 259 000a 00BF     		.align	2
 260              	.L21:
 261 000c 00000000 		.word	hdma_adc1
 262              		.cfi_endproc
 263              	.LFE132:
 265              		.section	.text.DMA1_Channel4_IRQHandler,"ax",%progbits
 266              		.align	1
 267              		.global	DMA1_Channel4_IRQHandler
 268              		.syntax unified
 269              		.thumb
 270              		.thumb_func
 272              	DMA1_Channel4_IRQHandler:
 273              	.LFB133:
 223:Core/Src/stm32f3xx_it.c **** 
 224:Core/Src/stm32f3xx_it.c **** /**
 225:Core/Src/stm32f3xx_it.c ****   * @brief This function handles DMA1 channel4 global interrupt.
 226:Core/Src/stm32f3xx_it.c ****   */
 227:Core/Src/stm32f3xx_it.c **** void DMA1_Channel4_IRQHandler(void)
 228:Core/Src/stm32f3xx_it.c **** {
 274              		.loc 1 228 1 is_stmt 1 view -0
 275              		.cfi_startproc
 276              		@ args = 0, pretend = 0, frame = 0
 277              		@ frame_needed = 0, uses_anonymous_args = 0
 278 0000 08B5     		push	{r3, lr}
 279              	.LCFI3:
 280              		.cfi_def_cfa_offset 8
 281              		.cfi_offset 3, -8
 282              		.cfi_offset 14, -4
 229:Core/Src/stm32f3xx_it.c ****   /* USER CODE BEGIN DMA1_Channel4_IRQn 0 */
 230:Core/Src/stm32f3xx_it.c **** 
 231:Core/Src/stm32f3xx_it.c ****   /* USER CODE END DMA1_Channel4_IRQn 0 */
 232:Core/Src/stm32f3xx_it.c ****   HAL_DMA_IRQHandler(&hdma_usart1_tx);
 283              		.loc 1 232 3 view .LVU34
 284 0002 0248     		ldr	r0, .L25
 285 0004 FFF7FEFF 		bl	HAL_DMA_IRQHandler
 286              	.LVL4:
 233:Core/Src/stm32f3xx_it.c ****   /* USER CODE BEGIN DMA1_Channel4_IRQn 1 */
 234:Core/Src/stm32f3xx_it.c **** 
 235:Core/Src/stm32f3xx_it.c ****   /* USER CODE END DMA1_Channel4_IRQn 1 */
 236:Core/Src/stm32f3xx_it.c **** }
 287              		.loc 1 236 1 is_stmt 0 view .LVU35
 288 0008 08BD     		pop	{r3, pc}
 289              	.L26:
 290 000a 00BF     		.align	2
 291              	.L25:
 292 000c 00000000 		.word	hdma_usart1_tx
 293              		.cfi_endproc
ARM GAS  C:\Users\Simio\AppData\Local\Temp\ccW3oRx0.s 			page 10


 294              	.LFE133:
 296              		.section	.text.ADC1_IRQHandler,"ax",%progbits
 297              		.align	1
 298              		.global	ADC1_IRQHandler
 299              		.syntax unified
 300              		.thumb
 301              		.thumb_func
 303              	ADC1_IRQHandler:
 304              	.LFB134:
 237:Core/Src/stm32f3xx_it.c **** 
 238:Core/Src/stm32f3xx_it.c **** /**
 239:Core/Src/stm32f3xx_it.c ****   * @brief This function handles ADC1 interrupt.
 240:Core/Src/stm32f3xx_it.c ****   */
 241:Core/Src/stm32f3xx_it.c **** void ADC1_IRQHandler(void)
 242:Core/Src/stm32f3xx_it.c **** {
 305              		.loc 1 242 1 is_stmt 1 view -0
 306              		.cfi_startproc
 307              		@ args = 0, pretend = 0, frame = 0
 308              		@ frame_needed = 0, uses_anonymous_args = 0
 309 0000 08B5     		push	{r3, lr}
 310              	.LCFI4:
 311              		.cfi_def_cfa_offset 8
 312              		.cfi_offset 3, -8
 313              		.cfi_offset 14, -4
 243:Core/Src/stm32f3xx_it.c ****   /* USER CODE BEGIN ADC1_IRQn 0 */
 244:Core/Src/stm32f3xx_it.c ****   /* USER CODE END ADC1_IRQn 0 */
 245:Core/Src/stm32f3xx_it.c ****   HAL_ADC_IRQHandler(&hadc1);
 314              		.loc 1 245 3 view .LVU37
 315 0002 0248     		ldr	r0, .L29
 316 0004 FFF7FEFF 		bl	HAL_ADC_IRQHandler
 317              	.LVL5:
 246:Core/Src/stm32f3xx_it.c ****   /* USER CODE BEGIN ADC1_IRQn 1 */
 247:Core/Src/stm32f3xx_it.c **** 
 248:Core/Src/stm32f3xx_it.c ****   /* USER CODE END ADC1_IRQn 1 */
 249:Core/Src/stm32f3xx_it.c **** }
 318              		.loc 1 249 1 is_stmt 0 view .LVU38
 319 0008 08BD     		pop	{r3, pc}
 320              	.L30:
 321 000a 00BF     		.align	2
 322              	.L29:
 323 000c 00000000 		.word	hadc1
 324              		.cfi_endproc
 325              	.LFE134:
 327              		.section	.text.TIM1_BRK_TIM15_IRQHandler,"ax",%progbits
 328              		.align	1
 329              		.global	TIM1_BRK_TIM15_IRQHandler
 330              		.syntax unified
 331              		.thumb
 332              		.thumb_func
 334              	TIM1_BRK_TIM15_IRQHandler:
 335              	.LFB135:
 250:Core/Src/stm32f3xx_it.c **** 
 251:Core/Src/stm32f3xx_it.c **** /**
 252:Core/Src/stm32f3xx_it.c ****   * @brief This function handles TIM1 break and TIM15 interrupts.
 253:Core/Src/stm32f3xx_it.c ****   */
 254:Core/Src/stm32f3xx_it.c **** void TIM1_BRK_TIM15_IRQHandler(void)
 255:Core/Src/stm32f3xx_it.c **** {
ARM GAS  C:\Users\Simio\AppData\Local\Temp\ccW3oRx0.s 			page 11


 336              		.loc 1 255 1 is_stmt 1 view -0
 337              		.cfi_startproc
 338              		@ args = 0, pretend = 0, frame = 0
 339              		@ frame_needed = 0, uses_anonymous_args = 0
 340 0000 08B5     		push	{r3, lr}
 341              	.LCFI5:
 342              		.cfi_def_cfa_offset 8
 343              		.cfi_offset 3, -8
 344              		.cfi_offset 14, -4
 256:Core/Src/stm32f3xx_it.c ****   /* USER CODE BEGIN TIM1_BRK_TIM15_IRQn 0 */
 257:Core/Src/stm32f3xx_it.c **** 
 258:Core/Src/stm32f3xx_it.c ****   /* USER CODE END TIM1_BRK_TIM15_IRQn 0 */
 259:Core/Src/stm32f3xx_it.c ****   HAL_TIM_IRQHandler(&htim1);
 345              		.loc 1 259 3 view .LVU40
 346 0002 0348     		ldr	r0, .L33
 347 0004 FFF7FEFF 		bl	HAL_TIM_IRQHandler
 348              	.LVL6:
 260:Core/Src/stm32f3xx_it.c ****   HAL_TIM_IRQHandler(&htim15);
 349              		.loc 1 260 3 view .LVU41
 350 0008 0248     		ldr	r0, .L33+4
 351 000a FFF7FEFF 		bl	HAL_TIM_IRQHandler
 352              	.LVL7:
 261:Core/Src/stm32f3xx_it.c ****   /* USER CODE BEGIN TIM1_BRK_TIM15_IRQn 1 */
 262:Core/Src/stm32f3xx_it.c **** 
 263:Core/Src/stm32f3xx_it.c ****   /* USER CODE END TIM1_BRK_TIM15_IRQn 1 */
 264:Core/Src/stm32f3xx_it.c **** }
 353              		.loc 1 264 1 is_stmt 0 view .LVU42
 354 000e 08BD     		pop	{r3, pc}
 355              	.L34:
 356              		.align	2
 357              	.L33:
 358 0010 00000000 		.word	htim1
 359 0014 00000000 		.word	htim15
 360              		.cfi_endproc
 361              	.LFE135:
 363              		.section	.text.TIM1_UP_TIM16_IRQHandler,"ax",%progbits
 364              		.align	1
 365              		.global	TIM1_UP_TIM16_IRQHandler
 366              		.syntax unified
 367              		.thumb
 368              		.thumb_func
 370              	TIM1_UP_TIM16_IRQHandler:
 371              	.LFB136:
 265:Core/Src/stm32f3xx_it.c **** 
 266:Core/Src/stm32f3xx_it.c **** /**
 267:Core/Src/stm32f3xx_it.c ****   * @brief This function handles TIM1 update and TIM16 interrupts.
 268:Core/Src/stm32f3xx_it.c ****   */
 269:Core/Src/stm32f3xx_it.c **** void TIM1_UP_TIM16_IRQHandler(void)
 270:Core/Src/stm32f3xx_it.c **** {
 372              		.loc 1 270 1 is_stmt 1 view -0
 373              		.cfi_startproc
 374              		@ args = 0, pretend = 0, frame = 0
 375              		@ frame_needed = 0, uses_anonymous_args = 0
 376 0000 08B5     		push	{r3, lr}
 377              	.LCFI6:
 378              		.cfi_def_cfa_offset 8
 379              		.cfi_offset 3, -8
ARM GAS  C:\Users\Simio\AppData\Local\Temp\ccW3oRx0.s 			page 12


 380              		.cfi_offset 14, -4
 271:Core/Src/stm32f3xx_it.c ****   /* USER CODE BEGIN TIM1_UP_TIM16_IRQn 0 */
 272:Core/Src/stm32f3xx_it.c **** 
 273:Core/Src/stm32f3xx_it.c ****   /* USER CODE END TIM1_UP_TIM16_IRQn 0 */
 274:Core/Src/stm32f3xx_it.c ****   HAL_TIM_IRQHandler(&htim1);
 381              		.loc 1 274 3 view .LVU44
 382 0002 0248     		ldr	r0, .L37
 383 0004 FFF7FEFF 		bl	HAL_TIM_IRQHandler
 384              	.LVL8:
 275:Core/Src/stm32f3xx_it.c ****   /* USER CODE BEGIN TIM1_UP_TIM16_IRQn 1 */
 276:Core/Src/stm32f3xx_it.c **** 
 277:Core/Src/stm32f3xx_it.c ****   /* USER CODE END TIM1_UP_TIM16_IRQn 1 */
 278:Core/Src/stm32f3xx_it.c **** }
 385              		.loc 1 278 1 is_stmt 0 view .LVU45
 386 0008 08BD     		pop	{r3, pc}
 387              	.L38:
 388 000a 00BF     		.align	2
 389              	.L37:
 390 000c 00000000 		.word	htim1
 391              		.cfi_endproc
 392              	.LFE136:
 394              		.section	.text.USART1_IRQHandler,"ax",%progbits
 395              		.align	1
 396              		.global	USART1_IRQHandler
 397              		.syntax unified
 398              		.thumb
 399              		.thumb_func
 401              	USART1_IRQHandler:
 402              	.LFB137:
 279:Core/Src/stm32f3xx_it.c **** 
 280:Core/Src/stm32f3xx_it.c **** /**
 281:Core/Src/stm32f3xx_it.c ****   * @brief This function handles USART1 global interrupt / USART1 wake-up interrupt through EXTI li
 282:Core/Src/stm32f3xx_it.c ****   */
 283:Core/Src/stm32f3xx_it.c **** void USART1_IRQHandler(void)
 284:Core/Src/stm32f3xx_it.c **** {
 403              		.loc 1 284 1 is_stmt 1 view -0
 404              		.cfi_startproc
 405              		@ args = 0, pretend = 0, frame = 0
 406              		@ frame_needed = 0, uses_anonymous_args = 0
 407 0000 08B5     		push	{r3, lr}
 408              	.LCFI7:
 409              		.cfi_def_cfa_offset 8
 410              		.cfi_offset 3, -8
 411              		.cfi_offset 14, -4
 285:Core/Src/stm32f3xx_it.c ****   /* USER CODE BEGIN USART1_IRQn 0 */
 286:Core/Src/stm32f3xx_it.c **** 
 287:Core/Src/stm32f3xx_it.c ****   /* USER CODE END USART1_IRQn 0 */
 288:Core/Src/stm32f3xx_it.c ****   HAL_UART_IRQHandler(&huart1);
 412              		.loc 1 288 3 view .LVU47
 413 0002 0248     		ldr	r0, .L41
 414 0004 FFF7FEFF 		bl	HAL_UART_IRQHandler
 415              	.LVL9:
 289:Core/Src/stm32f3xx_it.c ****   /* USER CODE BEGIN USART1_IRQn 1 */
 290:Core/Src/stm32f3xx_it.c **** 
 291:Core/Src/stm32f3xx_it.c ****   /* USER CODE END USART1_IRQn 1 */
 292:Core/Src/stm32f3xx_it.c **** }
 416              		.loc 1 292 1 is_stmt 0 view .LVU48
ARM GAS  C:\Users\Simio\AppData\Local\Temp\ccW3oRx0.s 			page 13


 417 0008 08BD     		pop	{r3, pc}
 418              	.L42:
 419 000a 00BF     		.align	2
 420              	.L41:
 421 000c 00000000 		.word	huart1
 422              		.cfi_endproc
 423              	.LFE137:
 425              		.section	.text.USB_LP_IRQHandler,"ax",%progbits
 426              		.align	1
 427              		.global	USB_LP_IRQHandler
 428              		.syntax unified
 429              		.thumb
 430              		.thumb_func
 432              	USB_LP_IRQHandler:
 433              	.LFB138:
 293:Core/Src/stm32f3xx_it.c **** 
 294:Core/Src/stm32f3xx_it.c **** /**
 295:Core/Src/stm32f3xx_it.c ****   * @brief This function handles USB low priority remap interrupt.
 296:Core/Src/stm32f3xx_it.c ****   */
 297:Core/Src/stm32f3xx_it.c **** void USB_LP_IRQHandler(void)
 298:Core/Src/stm32f3xx_it.c **** {
 434              		.loc 1 298 1 is_stmt 1 view -0
 435              		.cfi_startproc
 436              		@ args = 0, pretend = 0, frame = 0
 437              		@ frame_needed = 0, uses_anonymous_args = 0
 438 0000 08B5     		push	{r3, lr}
 439              	.LCFI8:
 440              		.cfi_def_cfa_offset 8
 441              		.cfi_offset 3, -8
 442              		.cfi_offset 14, -4
 299:Core/Src/stm32f3xx_it.c ****   /* USER CODE BEGIN USB_LP_IRQn 0 */
 300:Core/Src/stm32f3xx_it.c **** 
 301:Core/Src/stm32f3xx_it.c ****   /* USER CODE END USB_LP_IRQn 0 */
 302:Core/Src/stm32f3xx_it.c ****   HAL_PCD_IRQHandler(&hpcd_USB_FS);
 443              		.loc 1 302 3 view .LVU50
 444 0002 0248     		ldr	r0, .L45
 445 0004 FFF7FEFF 		bl	HAL_PCD_IRQHandler
 446              	.LVL10:
 303:Core/Src/stm32f3xx_it.c ****   /* USER CODE BEGIN USB_LP_IRQn 1 */
 304:Core/Src/stm32f3xx_it.c **** 
 305:Core/Src/stm32f3xx_it.c ****   /* USER CODE END USB_LP_IRQn 1 */
 306:Core/Src/stm32f3xx_it.c **** }
 447              		.loc 1 306 1 is_stmt 0 view .LVU51
 448 0008 08BD     		pop	{r3, pc}
 449              	.L46:
 450 000a 00BF     		.align	2
 451              	.L45:
 452 000c 00000000 		.word	hpcd_USB_FS
 453              		.cfi_endproc
 454              	.LFE138:
 456              		.text
 457              	.Letext0:
 458              		.file 2 "C:/toolchain/arm_gnu_toolchain/arm-none-eabi/include/machine/_default_types.h"
 459              		.file 3 "C:/toolchain/arm_gnu_toolchain/arm-none-eabi/include/sys/_stdint.h"
 460              		.file 4 "Drivers/CMSIS/Device/ST/STM32F3xx/Include/stm32f302x8.h"
 461              		.file 5 "Drivers/CMSIS/Device/ST/STM32F3xx/Include/stm32f3xx.h"
 462              		.file 6 "Drivers/STM32F3xx_HAL_Driver/Inc/stm32f3xx_hal_def.h"
ARM GAS  C:\Users\Simio\AppData\Local\Temp\ccW3oRx0.s 			page 14


 463              		.file 7 "Drivers/STM32F3xx_HAL_Driver/Inc/stm32f3xx_hal_dma.h"
 464              		.file 8 "Drivers/STM32F3xx_HAL_Driver/Inc/stm32f3xx_hal_adc_ex.h"
 465              		.file 9 "Drivers/STM32F3xx_HAL_Driver/Inc/stm32f3xx_hal_adc.h"
 466              		.file 10 "Drivers/STM32F3xx_HAL_Driver/Inc/stm32f3xx_ll_usb.h"
 467              		.file 11 "Drivers/STM32F3xx_HAL_Driver/Inc/stm32f3xx_hal_pcd.h"
 468              		.file 12 "Drivers/STM32F3xx_HAL_Driver/Inc/stm32f3xx_hal_tim.h"
 469              		.file 13 "Drivers/STM32F3xx_HAL_Driver/Inc/stm32f3xx_hal_uart.h"
 470              		.file 14 "Drivers/STM32F3xx_HAL_Driver/Inc/stm32f3xx_hal_gpio.h"
 471              		.file 15 "Drivers/STM32F3xx_HAL_Driver/Inc/stm32f3xx_hal.h"
ARM GAS  C:\Users\Simio\AppData\Local\Temp\ccW3oRx0.s 			page 15


DEFINED SYMBOLS
                            *ABS*:00000000 stm32f3xx_it.c
C:\Users\Simio\AppData\Local\Temp\ccW3oRx0.s:21     .text.NMI_Handler:00000000 $t
C:\Users\Simio\AppData\Local\Temp\ccW3oRx0.s:27     .text.NMI_Handler:00000000 NMI_Handler
C:\Users\Simio\AppData\Local\Temp\ccW3oRx0.s:44     .text.HardFault_Handler:00000000 $t
C:\Users\Simio\AppData\Local\Temp\ccW3oRx0.s:50     .text.HardFault_Handler:00000000 HardFault_Handler
C:\Users\Simio\AppData\Local\Temp\ccW3oRx0.s:78     .text.HardFault_Handler:00000014 $d
C:\Users\Simio\AppData\Local\Temp\ccW3oRx0.s:83     .text.MemManage_Handler:00000000 $t
C:\Users\Simio\AppData\Local\Temp\ccW3oRx0.s:89     .text.MemManage_Handler:00000000 MemManage_Handler
C:\Users\Simio\AppData\Local\Temp\ccW3oRx0.s:106    .text.BusFault_Handler:00000000 $t
C:\Users\Simio\AppData\Local\Temp\ccW3oRx0.s:112    .text.BusFault_Handler:00000000 BusFault_Handler
C:\Users\Simio\AppData\Local\Temp\ccW3oRx0.s:129    .text.UsageFault_Handler:00000000 $t
C:\Users\Simio\AppData\Local\Temp\ccW3oRx0.s:135    .text.UsageFault_Handler:00000000 UsageFault_Handler
C:\Users\Simio\AppData\Local\Temp\ccW3oRx0.s:152    .text.SVC_Handler:00000000 $t
C:\Users\Simio\AppData\Local\Temp\ccW3oRx0.s:158    .text.SVC_Handler:00000000 SVC_Handler
C:\Users\Simio\AppData\Local\Temp\ccW3oRx0.s:171    .text.DebugMon_Handler:00000000 $t
C:\Users\Simio\AppData\Local\Temp\ccW3oRx0.s:177    .text.DebugMon_Handler:00000000 DebugMon_Handler
C:\Users\Simio\AppData\Local\Temp\ccW3oRx0.s:190    .text.PendSV_Handler:00000000 $t
C:\Users\Simio\AppData\Local\Temp\ccW3oRx0.s:196    .text.PendSV_Handler:00000000 PendSV_Handler
C:\Users\Simio\AppData\Local\Temp\ccW3oRx0.s:209    .text.SysTick_Handler:00000000 $t
C:\Users\Simio\AppData\Local\Temp\ccW3oRx0.s:215    .text.SysTick_Handler:00000000 SysTick_Handler
C:\Users\Simio\AppData\Local\Temp\ccW3oRx0.s:235    .text.DMA1_Channel1_IRQHandler:00000000 $t
C:\Users\Simio\AppData\Local\Temp\ccW3oRx0.s:241    .text.DMA1_Channel1_IRQHandler:00000000 DMA1_Channel1_IRQHandler
C:\Users\Simio\AppData\Local\Temp\ccW3oRx0.s:261    .text.DMA1_Channel1_IRQHandler:0000000c $d
C:\Users\Simio\AppData\Local\Temp\ccW3oRx0.s:266    .text.DMA1_Channel4_IRQHandler:00000000 $t
C:\Users\Simio\AppData\Local\Temp\ccW3oRx0.s:272    .text.DMA1_Channel4_IRQHandler:00000000 DMA1_Channel4_IRQHandler
C:\Users\Simio\AppData\Local\Temp\ccW3oRx0.s:292    .text.DMA1_Channel4_IRQHandler:0000000c $d
C:\Users\Simio\AppData\Local\Temp\ccW3oRx0.s:297    .text.ADC1_IRQHandler:00000000 $t
C:\Users\Simio\AppData\Local\Temp\ccW3oRx0.s:303    .text.ADC1_IRQHandler:00000000 ADC1_IRQHandler
C:\Users\Simio\AppData\Local\Temp\ccW3oRx0.s:323    .text.ADC1_IRQHandler:0000000c $d
C:\Users\Simio\AppData\Local\Temp\ccW3oRx0.s:328    .text.TIM1_BRK_TIM15_IRQHandler:00000000 $t
C:\Users\Simio\AppData\Local\Temp\ccW3oRx0.s:334    .text.TIM1_BRK_TIM15_IRQHandler:00000000 TIM1_BRK_TIM15_IRQHandler
C:\Users\Simio\AppData\Local\Temp\ccW3oRx0.s:358    .text.TIM1_BRK_TIM15_IRQHandler:00000010 $d
C:\Users\Simio\AppData\Local\Temp\ccW3oRx0.s:364    .text.TIM1_UP_TIM16_IRQHandler:00000000 $t
C:\Users\Simio\AppData\Local\Temp\ccW3oRx0.s:370    .text.TIM1_UP_TIM16_IRQHandler:00000000 TIM1_UP_TIM16_IRQHandler
C:\Users\Simio\AppData\Local\Temp\ccW3oRx0.s:390    .text.TIM1_UP_TIM16_IRQHandler:0000000c $d
C:\Users\Simio\AppData\Local\Temp\ccW3oRx0.s:395    .text.USART1_IRQHandler:00000000 $t
C:\Users\Simio\AppData\Local\Temp\ccW3oRx0.s:401    .text.USART1_IRQHandler:00000000 USART1_IRQHandler
C:\Users\Simio\AppData\Local\Temp\ccW3oRx0.s:421    .text.USART1_IRQHandler:0000000c $d
C:\Users\Simio\AppData\Local\Temp\ccW3oRx0.s:426    .text.USB_LP_IRQHandler:00000000 $t
C:\Users\Simio\AppData\Local\Temp\ccW3oRx0.s:432    .text.USB_LP_IRQHandler:00000000 USB_LP_IRQHandler
C:\Users\Simio\AppData\Local\Temp\ccW3oRx0.s:452    .text.USB_LP_IRQHandler:0000000c $d

UNDEFINED SYMBOLS
HAL_Delay
HAL_GPIO_TogglePin
HAL_IncTick
HAL_DMA_IRQHandler
hdma_adc1
hdma_usart1_tx
HAL_ADC_IRQHandler
hadc1
HAL_TIM_IRQHandler
htim1
htim15
HAL_UART_IRQHandler
huart1
ARM GAS  C:\Users\Simio\AppData\Local\Temp\ccW3oRx0.s 			page 16


HAL_PCD_IRQHandler
hpcd_USB_FS
